2025-04-19 23:02:35 - 01__first_backup.zip - 0.05 MB (Verified 11 files)
2025-04-19 23:22:14 - 02__backup.zip - 0.05 MB (Verified 11 files)
2025-04-19 23:22:35 - 03__backup.zip - 0.05 MB (Verified 11 files)
2025-04-19 23:22:51 - 03__backup.zip - Deleted
2025-04-19 23:22:58 - 02__backup.zip - Deleted
2025-04-19 23:23:18 - 02__search_bar_fixed.zip - 0.05 MB (Verified 11 files)
2025-04-20 00:34:03 - 03__sidebar_fixed_category_menu_removing_buttons.zip - 0.07 MB (Verified 11 files)
2025-04-20 00:46:19 - 04__section_menu_fixed.zip - 0.07 MB (Verified 11 files)
2025-04-20 01:12:35 - 05__1.zip - 0.07 MB (Verified 11 files)
2025-04-20 01:13:15 - 05__1.zip - Deleted
2025-04-20 01:13:40 - 05__sidebar_sections_fixed.zip - 0.07 MB (Verified 11 files)
2025-04-20 01:31:46 - 06__sidebar_fixed.zip - 0.07 MB (Verified 11 files)
2025-04-20 01:58:40 - 06__sidebar_fixed.zip - Restored (Deleted items: database.py, editor_ui.py, main.py, prompts.db, search_ui.py, Template, TitleBar.py, __pycache__)
2025-04-20 02:19:57 - 07__titlebar_Editor_mini_and_close_fixed_-_Max_unfixed.zip - 0.07 MB (Verified 13 files)
2025-04-20 02:27:51 - 08__tray_icon_fixed.zip - 0.08 MB (Verified 14 files)
2025-04-20 02:29:43 - 09__Debug_Off.zip - 0.08 MB (Verified 14 files)
2025-04-20 03:10:48 - 09__Debug_Off.zip - Deleted
2025-04-20 03:11:14 - 09__size_font_fixed.zip - 0.08 MB (Verified 15 files)
2025-04-20 04:19:42 - 10__increased_height_Editor.zip - 0.08 MB (Verified 15 files)
2025-04-20 04:25:19 - 11__40_sidebar_60_prompt.zip - 0.08 MB (Verified 15 files)
2025-04-20 04:32:47 - 12__searchbar_not_found_fixed.zip - 0.08 MB (Verified 15 files)
2025-04-20 04:41:03 - 13__the_Maximus_of_the_Editor_fixed.zip - 0.08 MB (Verified 15 files)
2025-04-20 04:46:42 - 14__title_prompt--description_inputbox_fixed.zip - 0.08 MB (Verified 15 files)
2025-04-20 04:57:50 - 15__msg_titlebar_darkmode.zip - 0.08 MB (Verified 15 files)
2025-04-20 05:01:30 - 16__adding_darkmode_to_icon_tray.zip - 0.09 MB (Verified 15 files)
2025-04-20 05:19:34 - 17__adding_new_copy_prompt_button.zip - 0.09 MB (Verified 15 files)
2025-04-20 05:36:55 - 18__warning_msg_title_bar_darkmode.zip - 0.09 MB (Verified 14 files)
2025-04-20 05:40:40 - 19__Debug_OFF.zip - 0.09 MB (Verified 15 files)
2025-04-20 13:33:28 - 18__warning_msg_title_bar_darkmode.zip - Restored (Deleted items: database.py, editor_ui.py, icon.png, main.py, prompts.db, search_ui.py, Template, __pycache__)
2025-04-20 13:34:43 - 19__Debug_OFF.zip - Deleted
2025-04-20 13:35:05 - 19__Debug_On.zip - 0.09 MB (Verified 17 files)
2025-04-20 13:52:43 - 19__Debug_On.zip - Restored (Deleted items: Changing_CSS_ShortCut.MD, database.py, editor_ui.py, icon.png, main.py, prompts.db, search_ui.py, Template, __pycache__)
2025-04-20 14:05:05 - 20__debug_OFF_version.zip - 0.09 MB (Verified 16 files)
2025-04-20 14:14:01 - 21__hide_win_terminal.zip - 0.09 MB (Verified 16 files)
2025-04-20 14:26:04 - 22__new_UI_set_color_categoery_menu.zip - 0.09 MB (Verified 16 files)
2025-04-20 16:43:52 - 23__adding_simple_half_colors.zip - 0.09 MB (Verified 16 files)
2025-04-20 17:29:14 - 24__add_full_colors.zip - 1.45 MB (Verified 19 files)
2025-04-20 17:41:17 - 25__search_ui_unactive_fixed.zip - 1.44 MB (Verified 18 files)
2025-04-22 00:18:12 - 26__start_changing.zip - 1.45 MB (Verified 18 files)
